0 info it worked if it ends with ok
1 verbose cli [ '/home/ubuntu/.nvm/versions/node/v6.11.2/bin/node',
1 verbose cli   '/home/ubuntu/.nvm/versions/node/v6.11.2/bin/npm',
1 verbose cli   'pack' ]
2 info using npm@3.10.10
3 info using node@v6.11.2
4 silly cache add args [ '.', null ]
5 verbose cache add spec .
6 silly cache add parsed spec Result {
6 silly cache add   raw: '.',
6 silly cache add   scope: null,
6 silly cache add   escapedName: null,
6 silly cache add   name: null,
6 silly cache add   rawSpec: '.',
6 silly cache add   spec: '/home/ubuntu/workspace',
6 silly cache add   type: 'directory' }
7 verbose addLocalDirectory /home/ubuntu/.npm/MDEP_Leaflet-master/1.0.0/package.tgz not in flight; packing
8 verbose correctMkdir /home/ubuntu/.npm correctMkdir not in flight; initializing
9 info lifecycle MDEP_Leaflet-master@1.0.0~prepublish: MDEP_Leaflet-master@1.0.0
10 verbose lifecycle MDEP_Leaflet-master@1.0.0~prepublish: unsafe-perm in lifecycle true
11 verbose lifecycle MDEP_Leaflet-master@1.0.0~prepublish: PATH: /home/ubuntu/.nvm/versions/node/v6.11.2/lib/node_modules/npm/bin/node-gyp-bin:/home/ubuntu/workspace/node_modules/.bin:/home/ubuntu/.nvm/versions/node/v6.11.2/bin:/usr/local/rvm/gems/ruby-2.4.0/bin:/usr/local/rvm/gems/ruby-2.4.0@global/bin:/usr/local/rvm/rubies/ruby-2.4.0/bin:/mnt/shared/bin:/home/ubuntu/workspace/node_modules/.bin:/home/ubuntu/bin:/usr/local/sbin:/usr/local/bin:/usr/sbin:/usr/bin:/sbin:/bin:/mnt/shared/sbin:/opt/gitl:/opt/go/bin:/mnt/shared/c9/app.nw/bin:/usr/local/rvm/bin
12 verbose lifecycle MDEP_Leaflet-master@1.0.0~prepublish: CWD: /home/ubuntu/workspace
13 silly lifecycle MDEP_Leaflet-master@1.0.0~prepublish: Args: [ '-c', './offline/offline-npm --prepublish ; ' ]
14 silly lifecycle MDEP_Leaflet-master@1.0.0~prepublish: Returned: code: 1  signal: null
15 info lifecycle MDEP_Leaflet-master@1.0.0~prepublish: Failed to exec prepublish script
16 error addLocal Could not install /home/ubuntu/workspace
17 verbose stack Error: MDEP_Leaflet-master@1.0.0 prepublish: `./offline/offline-npm --prepublish ; `
17 verbose stack Exit status 1
17 verbose stack     at EventEmitter.<anonymous> (/home/ubuntu/.nvm/versions/node/v6.11.2/lib/node_modules/npm/lib/utils/lifecycle.js:255:16)
17 verbose stack     at emitTwo (events.js:106:13)
17 verbose stack     at EventEmitter.emit (events.js:191:7)
17 verbose stack     at ChildProcess.<anonymous> (/home/ubuntu/.nvm/versions/node/v6.11.2/lib/node_modules/npm/lib/utils/spawn.js:40:14)
17 verbose stack     at emitTwo (events.js:106:13)
17 verbose stack     at ChildProcess.emit (events.js:191:7)
17 verbose stack     at maybeClose (internal/child_process.js:891:16)
17 verbose stack     at Process.ChildProcess._handle.onexit (internal/child_process.js:226:5)
18 verbose pkgid MDEP_Leaflet-master@1.0.0
19 verbose cwd /home/ubuntu/workspace
20 error Linux 4.9.74-c9
21 error argv "/home/ubuntu/.nvm/versions/node/v6.11.2/bin/node" "/home/ubuntu/.nvm/versions/node/v6.11.2/bin/npm" "pack"
22 error node v6.11.2
23 error npm  v3.10.10
24 error code ELIFECYCLE
25 error MDEP_Leaflet-master@1.0.0 prepublish: `./offline/offline-npm --prepublish ; `
25 error Exit status 1
26 error Failed at the MDEP_Leaflet-master@1.0.0 prepublish script './offline/offline-npm --prepublish ; '.
26 error Make sure you have the latest version of node.js and npm installed.
26 error If you do, this is most likely a problem with the MDEP_Leaflet-master package,
26 error not with npm itself.
26 error Tell the author that this fails on your system:
26 error     ./offline/offline-npm --prepublish ;
26 error You can get information on how to open an issue for this project with:
26 error     npm bugs MDEP_Leaflet-master
26 error Or if that isn't available, you can get their info via:
26 error     npm owner ls MDEP_Leaflet-master
26 error There is likely additional logging output above.
27 verbose exit [ 1, true ]
